This job can be monitored from: https://grafana.c3se.chalmers.se/d/gpu-job/gpu-job?var-jobid=2766393&from=1726149424000
2024-09-12 15:57:08.895146: I tensorflow/core/util/port.cc:113] oneDNN custom operations are on. You may see slightly different numerical results due to floating-point round-off errors from different computation orders. To turn them off, set the environment variable `TF_ENABLE_ONEDNN_OPTS=0`.
2024-09-12 15:57:09.250054: E external/local_xla/xla/stream_executor/cuda/cuda_dnn.cc:9261] Unable to register cuDNN factory: Attempting to register factory for plugin cuDNN when one has already been registered
2024-09-12 15:57:09.250122: E external/local_xla/xla/stream_executor/cuda/cuda_fft.cc:607] Unable to register cuFFT factory: Attempting to register factory for plugin cuFFT when one has already been registered
2024-09-12 15:57:09.313074: E external/local_xla/xla/stream_executor/cuda/cuda_blas.cc:1515] Unable to register cuBLAS factory: Attempting to register factory for plugin cuBLAS when one has already been registered
2024-09-12 15:57:20.206690: I tensorflow/core/common_runtime/gpu/gpu_device.cc:1929] Created device /job:localhost/replica:0/task:0/device:GPU:0 with 31134 MB memory:  -> device: 0, name: Tesla V100-SXM2-32GB, pci bus id: 0000:61:00.0, compute capability: 7.0
2024-09-12 15:57:20.208589: I tensorflow/core/common_runtime/gpu/gpu_device.cc:1929] Created device /job:localhost/replica:0/task:0/device:GPU:1 with 31134 MB memory:  -> device: 1, name: Tesla V100-SXM2-32GB, pci bus id: 0000:62:00.0, compute capability: 7.0
2024-09-12 15:57:20.209079: I tensorflow/core/common_runtime/gpu/gpu_device.cc:1929] Created device /job:localhost/replica:0/task:0/device:GPU:2 with 31134 MB memory:  -> device: 2, name: Tesla V100-SXM2-32GB, pci bus id: 0000:89:00.0, compute capability: 7.0
2024-09-12 15:57:20.209544: I tensorflow/core/common_runtime/gpu/gpu_device.cc:1929] Created device /job:localhost/replica:0/task:0/device:GPU:3 with 31134 MB memory:  -> device: 3, name: Tesla V100-SXM2-32GB, pci bus id: 0000:8a:00.0, compute capability: 7.0
WARNING:absl:`lr` is deprecated in Keras optimizer, please use `learning_rate` or use the legacy optimizer, e.g.,tf.keras.optimizers.legacy.Adam.
2024-09-12 15:58:06.220822: I tensorflow/core/kernels/data/shuffle_dataset_op.cc:422] fused(ShuffleDatasetV3:8,RepeatDataset:9): Filling up shuffle buffer (this may take a while): 2383 of 2500
2024-09-12 15:58:06.702125: I tensorflow/core/kernels/data/shuffle_dataset_op.cc:452] Shuffle buffer filled.
2024-09-12 15:58:07.268874: I external/local_xla/xla/stream_executor/cuda/cuda_dnn.cc:454] Loaded cuDNN version 8902
2024-09-12 15:58:07.274725: I external/local_xla/xla/stream_executor/cuda/cuda_dnn.cc:454] Loaded cuDNN version 8902
2024-09-12 15:58:07.288176: I external/local_xla/xla/stream_executor/cuda/cuda_dnn.cc:454] Loaded cuDNN version 8902
2024-09-12 15:58:07.299620: I external/local_xla/xla/stream_executor/cuda/cuda_dnn.cc:454] Loaded cuDNN version 8902
2024-09-12 15:58:23.817497: I external/local_xla/xla/service/service.cc:168] XLA service 0x152061b1fba0 initialized for platform CUDA (this does not guarantee that XLA will be used). Devices:
2024-09-12 15:58:23.818519: I external/local_xla/xla/service/service.cc:176]   StreamExecutor device (0): Tesla V100-SXM2-32GB, Compute Capability 7.0
2024-09-12 15:58:23.818529: I external/local_xla/xla/service/service.cc:176]   StreamExecutor device (1): Tesla V100-SXM2-32GB, Compute Capability 7.0
2024-09-12 15:58:23.818535: I external/local_xla/xla/service/service.cc:176]   StreamExecutor device (2): Tesla V100-SXM2-32GB, Compute Capability 7.0
2024-09-12 15:58:23.818541: I external/local_xla/xla/service/service.cc:176]   StreamExecutor device (3): Tesla V100-SXM2-32GB, Compute Capability 7.0
2024-09-12 15:58:23.852878: I tensorflow/compiler/mlir/tensorflow/utils/dump_mlir_util.cc:269] disabling MLIR crash reproducer, set env var `MLIR_CRASH_REPRODUCER_DIRECTORY` to enable.
WARNING: All log messages before absl::InitializeLog() is called are written to STDERR
I0000 00:00:1726149504.005539   29215 device_compiler.h:186] Compiled cluster using XLA!  This line is logged at most once for the lifetime of the process.
Traceback (most recent call last):
  File "/mimer/NOBACKUP/groups/kthmech/sadanori/01_Ret180/01_velocity_yp15/CNN-train.py", line 851, in <module>
    train_history = CNN_model.fit(dataset_train,
                    ^^^^^^^^^^^^^^^^^^^^^^^^^^^^
  File "/apps/Arch/software/TensorFlow/2.15.1-foss-2023a-CUDA-12.1.1/lib/python3.11/site-packages/keras/src/utils/traceback_utils.py", line 70, in error_handler
    raise e.with_traceback(filtered_tb) from None
  File "/mimer/NOBACKUP/groups/kthmech/sadanori/01_Ret180/01_velocity_yp15/CNN-train.py", line 89, in on_epoch_end
    logs.update({'learning_rate': self.lr_getter()})
                                  ^^^^^^^^^^^^^^^^
  File "/mimer/NOBACKUP/groups/kthmech/sadanori/01_Ret180/01_velocity_yp15/CNN-train.py", line 77, in lr_getter
    decay = self.model.optimizer.decay
            ^^^^^^^^^^^^^^^^^^^^^^^^^^
AttributeError: 'Adam' object has no attribute 'decay'
