This job can be monitored from: https://grafana.c3se.chalmers.se/d/gpu-job/gpu-job?var-jobid=2766703&from=1726156430000
2024-09-12 17:53:54.765212: I tensorflow/core/util/port.cc:113] oneDNN custom operations are on. You may see slightly different numerical results due to floating-point round-off errors from different computation orders. To turn them off, set the environment variable `TF_ENABLE_ONEDNN_OPTS=0`.
2024-09-12 17:53:55.004447: E external/local_xla/xla/stream_executor/cuda/cuda_dnn.cc:9261] Unable to register cuDNN factory: Attempting to register factory for plugin cuDNN when one has already been registered
2024-09-12 17:53:55.004492: E external/local_xla/xla/stream_executor/cuda/cuda_fft.cc:607] Unable to register cuFFT factory: Attempting to register factory for plugin cuFFT when one has already been registered
2024-09-12 17:53:55.036245: E external/local_xla/xla/stream_executor/cuda/cuda_blas.cc:1515] Unable to register cuBLAS factory: Attempting to register factory for plugin cuBLAS when one has already been registered
2024-09-12 17:54:03.295652: I tensorflow/core/common_runtime/gpu/gpu_device.cc:1929] Created device /job:localhost/replica:0/task:0/device:GPU:0 with 31134 MB memory:  -> device: 0, name: Tesla V100-SXM2-32GB, pci bus id: 0000:61:00.0, compute capability: 7.0
2024-09-12 17:54:03.296772: I tensorflow/core/common_runtime/gpu/gpu_device.cc:1929] Created device /job:localhost/replica:0/task:0/device:GPU:1 with 31134 MB memory:  -> device: 1, name: Tesla V100-SXM2-32GB, pci bus id: 0000:62:00.0, compute capability: 7.0
2024-09-12 17:54:03.297272: I tensorflow/core/common_runtime/gpu/gpu_device.cc:1929] Created device /job:localhost/replica:0/task:0/device:GPU:2 with 31134 MB memory:  -> device: 2, name: Tesla V100-SXM2-32GB, pci bus id: 0000:89:00.0, compute capability: 7.0
2024-09-12 17:54:03.297748: I tensorflow/core/common_runtime/gpu/gpu_device.cc:1929] Created device /job:localhost/replica:0/task:0/device:GPU:3 with 31134 MB memory:  -> device: 3, name: Tesla V100-SXM2-32GB, pci bus id: 0000:8a:00.0, compute capability: 7.0
WARNING:absl:`lr` is deprecated in Keras optimizer, please use `learning_rate` or use the legacy optimizer, e.g.,tf.keras.optimizers.legacy.Adam.
2024-09-12 17:54:45.835633: I external/local_xla/xla/stream_executor/cuda/cuda_dnn.cc:454] Loaded cuDNN version 8902
2024-09-12 17:54:45.841782: I external/local_xla/xla/stream_executor/cuda/cuda_dnn.cc:454] Loaded cuDNN version 8902
2024-09-12 17:54:45.854121: I external/local_xla/xla/stream_executor/cuda/cuda_dnn.cc:454] Loaded cuDNN version 8902
2024-09-12 17:54:45.868360: I external/local_xla/xla/stream_executor/cuda/cuda_dnn.cc:454] Loaded cuDNN version 8902
2024-09-12 17:55:02.210999: I external/local_xla/xla/service/service.cc:168] XLA service 0x152c08706ea0 initialized for platform CUDA (this does not guarantee that XLA will be used). Devices:
2024-09-12 17:55:02.211038: I external/local_xla/xla/service/service.cc:176]   StreamExecutor device (0): Tesla V100-SXM2-32GB, Compute Capability 7.0
2024-09-12 17:55:02.211045: I external/local_xla/xla/service/service.cc:176]   StreamExecutor device (1): Tesla V100-SXM2-32GB, Compute Capability 7.0
2024-09-12 17:55:02.211051: I external/local_xla/xla/service/service.cc:176]   StreamExecutor device (2): Tesla V100-SXM2-32GB, Compute Capability 7.0
2024-09-12 17:55:02.211058: I external/local_xla/xla/service/service.cc:176]   StreamExecutor device (3): Tesla V100-SXM2-32GB, Compute Capability 7.0
2024-09-12 17:55:02.237338: I tensorflow/compiler/mlir/tensorflow/utils/dump_mlir_util.cc:269] disabling MLIR crash reproducer, set env var `MLIR_CRASH_REPRODUCER_DIRECTORY` to enable.
WARNING: All log messages before absl::InitializeLog() is called are written to STDERR
I0000 00:00:1726156502.377825  450217 device_compiler.h:186] Compiled cluster using XLA!  This line is logged at most once for the lifetime of the process.
/apps/Arch/software/TensorFlow/2.15.1-foss-2023a-CUDA-12.1.1/lib/python3.11/site-packages/keras/src/engine/training.py:3103: UserWarning: You are saving your model as an HDF5 file via `model.save()`. This file format is considered legacy. We recommend using instead the native Keras format, e.g. `model.save('my_model.keras')`.
  saving_api.save_model(
/mimer/NOBACKUP/groups/kthmech/sadanori/01_Ret180/01_velocity_yp15/CNN-train.py:873: UserWarning: You are saving your model as an HDF5 file via `model.save()`. This file format is considered legacy. We recommend using instead the native Keras format, e.g. `model.save('my_model.keras')`.
  tf.keras.models.save_model(
