This job can be monitored from: https://grafana.c3se.chalmers.se/d/gpu-job/gpu-job?var-jobid=2846946&from=1727182576000
2024-09-24 14:56:18.377088: I tensorflow/core/util/port.cc:113] oneDNN custom operations are on. You may see slightly different numerical results due to floating-point round-off errors from different computation orders. To turn them off, set the environment variable `TF_ENABLE_ONEDNN_OPTS=0`.
2024-09-24 14:56:18.414380: E external/local_xla/xla/stream_executor/cuda/cuda_dnn.cc:9261] Unable to register cuDNN factory: Attempting to register factory for plugin cuDNN when one has already been registered
2024-09-24 14:56:18.414410: E external/local_xla/xla/stream_executor/cuda/cuda_fft.cc:607] Unable to register cuFFT factory: Attempting to register factory for plugin cuFFT when one has already been registered
2024-09-24 14:56:18.415121: E external/local_xla/xla/stream_executor/cuda/cuda_blas.cc:1515] Unable to register cuBLAS factory: Attempting to register factory for plugin cuBLAS when one has already been registered
2024-09-24 14:56:22.402407: I tensorflow/core/common_runtime/gpu/gpu_device.cc:1929] Created device /job:localhost/replica:0/task:0/device:GPU:0 with 38553 MB memory:  -> device: 0, name: NVIDIA A100-SXM4-40GB, pci bus id: 0000:31:00.0, compute capability: 8.0
2024-09-24 14:56:22.402946: I tensorflow/core/common_runtime/gpu/gpu_device.cc:1929] Created device /job:localhost/replica:0/task:0/device:GPU:1 with 38553 MB memory:  -> device: 1, name: NVIDIA A100-SXM4-40GB, pci bus id: 0000:4b:00.0, compute capability: 8.0
2024-09-24 14:56:22.403303: I tensorflow/core/common_runtime/gpu/gpu_device.cc:1929] Created device /job:localhost/replica:0/task:0/device:GPU:2 with 38553 MB memory:  -> device: 2, name: NVIDIA A100-SXM4-40GB, pci bus id: 0000:ca:00.0, compute capability: 8.0
2024-09-24 14:56:22.405901: I tensorflow/core/common_runtime/gpu/gpu_device.cc:1929] Created device /job:localhost/replica:0/task:0/device:GPU:3 with 38553 MB memory:  -> device: 3, name: NVIDIA A100-SXM4-40GB, pci bus id: 0000:e3:00.0, compute capability: 8.0
WARNING:absl:`lr` is deprecated in Keras optimizer, please use `learning_rate` or use the legacy optimizer, e.g.,tf.keras.optimizers.legacy.Adam.
2024-09-24 14:56:57.560667: I external/local_xla/xla/stream_executor/cuda/cuda_dnn.cc:454] Loaded cuDNN version 8902
2024-09-24 14:56:57.570756: I external/local_xla/xla/stream_executor/cuda/cuda_dnn.cc:454] Loaded cuDNN version 8902
2024-09-24 14:56:57.582529: I external/local_xla/xla/stream_executor/cuda/cuda_dnn.cc:454] Loaded cuDNN version 8902
2024-09-24 14:56:57.595169: I external/local_xla/xla/stream_executor/cuda/cuda_dnn.cc:454] Loaded cuDNN version 8902
2024-09-24 14:57:10.596173: I external/local_xla/xla/service/service.cc:168] XLA service 0x1519b4276ed0 initialized for platform CUDA (this does not guarantee that XLA will be used). Devices:
2024-09-24 14:57:10.596602: I external/local_xla/xla/service/service.cc:176]   StreamExecutor device (0): NVIDIA A100-SXM4-40GB, Compute Capability 8.0
2024-09-24 14:57:10.596741: I external/local_xla/xla/service/service.cc:176]   StreamExecutor device (1): NVIDIA A100-SXM4-40GB, Compute Capability 8.0
2024-09-24 14:57:10.596854: I external/local_xla/xla/service/service.cc:176]   StreamExecutor device (2): NVIDIA A100-SXM4-40GB, Compute Capability 8.0
2024-09-24 14:57:10.596961: I external/local_xla/xla/service/service.cc:176]   StreamExecutor device (3): NVIDIA A100-SXM4-40GB, Compute Capability 8.0
2024-09-24 14:57:10.638443: I tensorflow/compiler/mlir/tensorflow/utils/dump_mlir_util.cc:269] disabling MLIR crash reproducer, set env var `MLIR_CRASH_REPRODUCER_DIRECTORY` to enable.
WARNING: All log messages before absl::InitializeLog() is called are written to STDERR
I0000 00:00:1727182630.807923  180170 device_compiler.h:186] Compiled cluster using XLA!  This line is logged at most once for the lifetime of the process.
/apps/Arch/software/TensorFlow/2.15.1-foss-2023a-CUDA-12.1.1/lib/python3.11/site-packages/keras/src/engine/training.py:3103: UserWarning: You are saving your model as an HDF5 file via `model.save()`. This file format is considered legacy. We recommend using instead the native Keras format, e.g. `model.save('my_model.keras')`.
  saving_api.save_model(
