This job can be monitored from: https://grafana.c3se.chalmers.se/d/gpu-job/gpu-job?var-jobid=2904644&from=1728042611000
2024-10-04 13:50:14.304540: I tensorflow/core/util/port.cc:113] oneDNN custom operations are on. You may see slightly different numerical results due to floating-point round-off errors from different computation orders. To turn them off, set the environment variable `TF_ENABLE_ONEDNN_OPTS=0`.
2024-10-04 13:50:14.342007: E external/local_xla/xla/stream_executor/cuda/cuda_dnn.cc:9261] Unable to register cuDNN factory: Attempting to register factory for plugin cuDNN when one has already been registered
2024-10-04 13:50:14.342037: E external/local_xla/xla/stream_executor/cuda/cuda_fft.cc:607] Unable to register cuFFT factory: Attempting to register factory for plugin cuFFT when one has already been registered
2024-10-04 13:50:14.342971: E external/local_xla/xla/stream_executor/cuda/cuda_blas.cc:1515] Unable to register cuBLAS factory: Attempting to register factory for plugin cuBLAS when one has already been registered
/mimer/NOBACKUP/groups/kthmech/sadanori/01_Ret180/01_velocity_yp15/sadanori/lib/python3.11/site-packages/tensorflow_addons/utils/tfa_eol_msg.py:23: UserWarning: 

TensorFlow Addons (TFA) has ended development and introduction of new features.
TFA has entered a minimal maintenance and release mode until a planned end of life in May 2024.
Please modify downstream libraries to take dependencies from other repositories in our TensorFlow community (e.g. Keras, Keras-CV, and Keras-NLP). 

For more information see: https://github.com/tensorflow/addons/issues/2807 

  warnings.warn(
2024-10-04 13:50:19.977624: I tensorflow/core/common_runtime/gpu/gpu_device.cc:1929] Created device /job:localhost/replica:0/task:0/device:GPU:0 with 38553 MB memory:  -> device: 0, name: NVIDIA A100-SXM4-40GB, pci bus id: 0000:31:00.0, compute capability: 8.0
2024-10-04 13:50:19.978565: I tensorflow/core/common_runtime/gpu/gpu_device.cc:1929] Created device /job:localhost/replica:0/task:0/device:GPU:1 with 38553 MB memory:  -> device: 1, name: NVIDIA A100-SXM4-40GB, pci bus id: 0000:4b:00.0, compute capability: 8.0
2024-10-04 13:50:19.979218: I tensorflow/core/common_runtime/gpu/gpu_device.cc:1929] Created device /job:localhost/replica:0/task:0/device:GPU:2 with 38553 MB memory:  -> device: 2, name: NVIDIA A100-SXM4-40GB, pci bus id: 0000:ca:00.0, compute capability: 8.0
2024-10-04 13:50:19.979871: I tensorflow/core/common_runtime/gpu/gpu_device.cc:1929] Created device /job:localhost/replica:0/task:0/device:GPU:3 with 38553 MB memory:  -> device: 3, name: NVIDIA A100-SXM4-40GB, pci bus id: 0000:e3:00.0, compute capability: 8.0
/mimer/NOBACKUP/groups/kthmech/sadanori/01_Ret180/01_velocity_yp15/sadanori/lib/python3.11/site-packages/vit_keras/utils.py:81: UserWarning: Resizing position embeddings from 24, 24 to 16, 16
  warnings.warn(
2024-10-04 13:50:31.377174: I external/local_xla/xla/stream_executor/cuda/cuda_dnn.cc:454] Loaded cuDNN version 8902
2024-10-04 13:50:33.747225: I external/local_xla/xla/service/service.cc:168] XLA service 0x14bc4cf9bb90 initialized for platform CUDA (this does not guarantee that XLA will be used). Devices:
2024-10-04 13:50:33.747636: I external/local_xla/xla/service/service.cc:176]   StreamExecutor device (0): NVIDIA A100-SXM4-40GB, Compute Capability 8.0
2024-10-04 13:50:33.747772: I external/local_xla/xla/service/service.cc:176]   StreamExecutor device (1): NVIDIA A100-SXM4-40GB, Compute Capability 8.0
2024-10-04 13:50:33.747894: I external/local_xla/xla/service/service.cc:176]   StreamExecutor device (2): NVIDIA A100-SXM4-40GB, Compute Capability 8.0
2024-10-04 13:50:33.748001: I external/local_xla/xla/service/service.cc:176]   StreamExecutor device (3): NVIDIA A100-SXM4-40GB, Compute Capability 8.0
WARNING: All log messages before absl::InitializeLog() is called are written to STDERR
I0000 00:00:1728042633.852060 4127416 device_compiler.h:186] Compiled cluster using XLA!  This line is logged at most once for the lifetime of the process.
