This job can be monitored from: https://grafana.c3se.chalmers.se/d/gpu-job/gpu-job?var-jobid=2904602&from=1728041613000
2024-10-04 13:33:35.478286: I tensorflow/core/util/port.cc:113] oneDNN custom operations are on. You may see slightly different numerical results due to floating-point round-off errors from different computation orders. To turn them off, set the environment variable `TF_ENABLE_ONEDNN_OPTS=0`.
2024-10-04 13:33:35.515942: E external/local_xla/xla/stream_executor/cuda/cuda_dnn.cc:9261] Unable to register cuDNN factory: Attempting to register factory for plugin cuDNN when one has already been registered
2024-10-04 13:33:35.516242: E external/local_xla/xla/stream_executor/cuda/cuda_fft.cc:607] Unable to register cuFFT factory: Attempting to register factory for plugin cuFFT when one has already been registered
2024-10-04 13:33:35.517217: E external/local_xla/xla/stream_executor/cuda/cuda_blas.cc:1515] Unable to register cuBLAS factory: Attempting to register factory for plugin cuBLAS when one has already been registered
2024-10-04 13:33:40.300035: I tensorflow/core/common_runtime/gpu/gpu_device.cc:1929] Created device /job:localhost/replica:0/task:0/device:GPU:0 with 38553 MB memory:  -> device: 0, name: NVIDIA A100-SXM4-40GB, pci bus id: 0000:31:00.0, compute capability: 8.0
2024-10-04 13:33:40.303462: I tensorflow/core/common_runtime/gpu/gpu_device.cc:1929] Created device /job:localhost/replica:0/task:0/device:GPU:1 with 38553 MB memory:  -> device: 1, name: NVIDIA A100-SXM4-40GB, pci bus id: 0000:4b:00.0, compute capability: 8.0
2024-10-04 13:33:40.304147: I tensorflow/core/common_runtime/gpu/gpu_device.cc:1929] Created device /job:localhost/replica:0/task:0/device:GPU:2 with 38553 MB memory:  -> device: 2, name: NVIDIA A100-SXM4-40GB, pci bus id: 0000:ca:00.0, compute capability: 8.0
2024-10-04 13:33:40.305640: I tensorflow/core/common_runtime/gpu/gpu_device.cc:1929] Created device /job:localhost/replica:0/task:0/device:GPU:3 with 38553 MB memory:  -> device: 3, name: NVIDIA A100-SXM4-40GB, pci bus id: 0000:e3:00.0, compute capability: 8.0
WARNING:absl:`lr` is deprecated in Keras optimizer, please use `learning_rate` or use the legacy optimizer, e.g.,tf.keras.optimizers.legacy.Adam.
2024-10-04 13:34:13.815843: I external/local_xla/xla/stream_executor/cuda/cuda_dnn.cc:454] Loaded cuDNN version 8902
2024-10-04 13:34:13.827639: I external/local_xla/xla/stream_executor/cuda/cuda_dnn.cc:454] Loaded cuDNN version 8902
2024-10-04 13:34:13.840224: I external/local_xla/xla/stream_executor/cuda/cuda_dnn.cc:454] Loaded cuDNN version 8902
2024-10-04 13:34:13.853054: I external/local_xla/xla/stream_executor/cuda/cuda_dnn.cc:454] Loaded cuDNN version 8902
2024-10-04 13:34:27.115910: I external/local_xla/xla/service/service.cc:168] XLA service 0x1467e45869c0 initialized for platform CUDA (this does not guarantee that XLA will be used). Devices:
2024-10-04 13:34:27.117167: I external/local_xla/xla/service/service.cc:176]   StreamExecutor device (0): NVIDIA A100-SXM4-40GB, Compute Capability 8.0
2024-10-04 13:34:27.117279: I external/local_xla/xla/service/service.cc:176]   StreamExecutor device (1): NVIDIA A100-SXM4-40GB, Compute Capability 8.0
2024-10-04 13:34:27.117384: I external/local_xla/xla/service/service.cc:176]   StreamExecutor device (2): NVIDIA A100-SXM4-40GB, Compute Capability 8.0
2024-10-04 13:34:27.118612: I external/local_xla/xla/service/service.cc:176]   StreamExecutor device (3): NVIDIA A100-SXM4-40GB, Compute Capability 8.0
2024-10-04 13:34:27.125985: I tensorflow/compiler/mlir/tensorflow/utils/dump_mlir_util.cc:269] disabling MLIR crash reproducer, set env var `MLIR_CRASH_REPRODUCER_DIRECTORY` to enable.
WARNING: All log messages before absl::InitializeLog() is called are written to STDERR
I0000 00:00:1728041667.232705  953765 device_compiler.h:186] Compiled cluster using XLA!  This line is logged at most once for the lifetime of the process.
